# JRE version: Java(TM) SE Runtime Environment (8.0_66-b17) (build 1.8.0_66-b17)
# Java VM: Java HotSpot(TM) 64-Bit Server VM (25.66-b17 mixed mode linux-amd64 compressed oops)
Heap:
 PSYoungGen      total 1008640K, used 0K [0x0000000780000000, 0x00000007bfb80000, 0x00000007c0000000)
  eden space 972288K, 0% used [0x0000000780000000,0x0000000780000000,0x00000007bb580000)
  from space 36352K, 0% used [0x00000007bd780000,0x00000007bd780000,0x00000007bfb00000)
  to   space 34816K, 0% used [0x00000007bb580000,0x00000007bb580000,0x00000007bd780000)
 ParOldGen       total 1738752K, used 1500623K [0x0000000700000000, 0x000000076a200000, 0x0000000780000000)
  object space 1738752K, 86% used [0x0000000700000000,0x000000075b973fc0,0x000000076a200000)
 Metaspace       used 153701K, capacity 159437K, committed 163584K, reserved 1187840K
  class space    used 24050K, capacity 25037K, committed 26112K, reserved 1048576K
GC Heap History (10 events):
Event: 1323.614 GC heap after
Heap after GC invocations=244 (full 20):
 PSYoungGen      total 998912K, used 18656K [0x0000000780000000, 0x00000007bf980000, 0x00000007c0000000)
  eden space 954880K, 0% used [0x0000000780000000,0x0000000780000000,0x00000007ba480000)
  from space 44032K, 42% used [0x00000007bcd80000,0x00000007bdfb8000,0x00000007bf880000)
  to   space 41984K, 0% used [0x00000007ba480000,0x00000007ba480000,0x00000007bcd80000)
 ParOldGen       total 1738752K, used 1634291K [0x0000000700000000, 0x000000076a200000, 0x0000000780000000)
  object space 1738752K, 93% used [0x0000000700000000,0x0000000763bfcd68,0x000000076a200000)
 Metaspace       used 153700K, capacity 159437K, committed 163584K, reserved 1187840K
  class space    used 24050K, capacity 25037K, committed 26112K, reserved 1048576K
}
Event: 1326.124 GC heap before
{Heap before GC invocations=245 (full 20):
 PSYoungGen      total 998912K, used 973536K [0x0000000780000000, 0x00000007bf980000, 0x00000007c0000000)
  eden space 954880K, 100% used [0x0000000780000000,0x00000007ba480000,0x00000007ba480000)
  from space 44032K, 42% used [0x00000007bcd80000,0x00000007bdfb8000,0x00000007bf880000)
  to   space 41984K, 0% used [0x00000007ba480000,0x00000007ba480000,0x00000007bcd80000)
 ParOldGen       total 1738752K, used 1634291K [0x0000000700000000, 0x000000076a200000, 0x0000000780000000)
  object space 1738752K, 93% used [0x0000000700000000,0x0000000763bfcd68,0x000000076a200000)
 Metaspace       used 153700K, capacity 159437K, committed 163584K, reserved 1187840K
  class space    used 24050K, capacity 25037K, committed 26112K, reserved 1048576K
Event: 1326.158 GC heap after
Heap after GC invocations=245 (full 20):
 PSYoungGen      total 996864K, used 19136K [0x0000000780000000, 0x00000007bfa00000, 0x00000007c0000000)
  eden space 954880K, 0% used [0x0000000780000000,0x0000000780000000,0x00000007ba480000)
  from space 41984K, 45% used [0x00000007ba480000,0x00000007bb730000,0x00000007bcd80000)
  to   space 39936K, 0% used [0x00000007bd300000,0x00000007bd300000,0x00000007bfa00000)
 ParOldGen       total 1738752K, used 1652623K [0x0000000700000000, 0x000000076a200000, 0x0000000780000000)
  object space 1738752K, 95% used [0x0000000700000000,0x0000000764de3d08,0x000000076a200000)
 Metaspace       used 153700K, capacity 159437K, committed 163584K, reserved 1187840K
  class space    used 24050K, capacity 25037K, committed 26112K, reserved 1048576K
}
Event: 1328.709 GC heap before
{Heap before GC invocations=246 (full 20):
 PSYoungGen      total 996864K, used 974016K [0x0000000780000000, 0x00000007bfa00000, 0x00000007c0000000)
  eden space 954880K, 100% used [0x0000000780000000,0x00000007ba480000,0x00000007ba480000)
  from space 41984K, 45% used [0x00000007ba480000,0x00000007bb730000,0x00000007bcd80000)
  to   space 39936K, 0% used [0x00000007bd300000,0x00000007bd300000,0x00000007bfa00000)
 ParOldGen       total 1738752K, used 1652623K [0x0000000700000000, 0x000000076a200000, 0x0000000780000000)
  object space 1738752K, 95% used [0x0000000700000000,0x0000000764de3d08,0x000000076a200000)
 Metaspace       used 153701K, capacity 159437K, committed 163584K, reserved 1187840K
  class space    used 24050K, capacity 25037K, committed 26112K, reserved 1048576K
Event: 1328.837 GC heap after
Heap after GC invocations=246 (full 20):
 PSYoungGen      total 1004544K, used 19136K [0x0000000780000000, 0x00000007bfa00000, 0x00000007c0000000)
  eden space 964608K, 0% used [0x0000000780000000,0x0000000780000000,0x00000007bae00000)
  from space 39936K, 47% used [0x00000007bd300000,0x00000007be5b0000,0x00000007bfa00000)
  to   space 37888K, 0% used [0x00000007bae00000,0x00000007bae00000,0x00000007bd300000)
 ParOldGen       total 1738752K, used 1671523K [0x0000000700000000, 0x000000076a200000, 0x0000000780000000)
  object space 1738752K, 96% used [0x0000000700000000,0x0000000766058e28,0x000000076a200000)
 Metaspace       used 153701K, capacity 159437K, committed 163584K, reserved 1187840K
  class space    used 24050K, capacity 25037K, committed 26112K, reserved 1048576K
}
Event: 1332.236 GC heap before
{Heap before GC invocations=247 (full 20):
 PSYoungGen      total 1004544K, used 983744K [0x0000000780000000, 0x00000007bfa00000, 0x00000007c0000000)
  eden space 964608K, 100% used [0x0000000780000000,0x00000007bae00000,0x00000007bae00000)
  from space 39936K, 47% used [0x00000007bd300000,0x00000007be5b0000,0x00000007bfa00000)
  to   space 37888K, 0% used [0x00000007bae00000,0x00000007bae00000,0x00000007bd300000)
 ParOldGen       total 1738752K, used 1671523K [0x0000000700000000, 0x000000076a200000, 0x0000000780000000)
  object space 1738752K, 96% used [0x0000000700000000,0x0000000766058e28,0x000000076a200000)
 Metaspace       used 153701K, capacity 159437K, committed 163584K, reserved 1187840K
  class space    used 24050K, capacity 25037K, committed 26112K, reserved 1048576K
Event: 1332.262 GC heap after
Heap after GC invocations=247 (full 20):
 PSYoungGen      total 1002496K, used 19266K [0x0000000780000000, 0x00000007bfb00000, 0x00000007c0000000)
  eden space 964608K, 0% used [0x0000000780000000,0x0000000780000000,0x00000007bae00000)
  from space 37888K, 50% used [0x00000007bae00000,0x00000007bc0d0938,0x00000007bd300000)
  to   space 36352K, 0% used [0x00000007bd780000,0x00000007bd780000,0x00000007bfb00000)
 ParOldGen       total 1738752K, used 1690407K [0x0000000700000000, 0x000000076a200000, 0x0000000780000000)
  object space 1738752K, 97% used [0x0000000700000000,0x00000007672c9f18,0x000000076a200000)
 Metaspace       used 153701K, capacity 159437K, committed 163584K, reserved 1187840K
  class space    used 24050K, capacity 25037K, committed 26112K, reserved 1048576K
}
Event: 1335.091 GC heap before
{Heap before GC invocations=248 (full 20):
 PSYoungGen      total 1002496K, used 983870K [0x0000000780000000, 0x00000007bfb00000, 0x00000007c0000000)
  eden space 964608K, 99% used [0x0000000780000000,0x00000007badff280,0x00000007bae00000)
  from space 37888K, 50% used [0x00000007bae00000,0x00000007bc0d0938,0x00000007bd300000)
  to   space 36352K, 0% used [0x00000007bd780000,0x00000007bd780000,0x00000007bfb00000)
 ParOldGen       total 1738752K, used 1690407K [0x0000000700000000, 0x000000076a200000, 0x0000000780000000)
  object space 1738752K, 97% used [0x0000000700000000,0x00000007672c9f18,0x000000076a200000)
 Metaspace       used 153701K, capacity 159437K, committed 163584K, reserved 1187840K
  class space    used 24050K, capacity 25037K, committed 26112K, reserved 1048576K
Event: 1335.117 GC heap after
Heap after GC invocations=248 (full 20):
 PSYoungGen      total 1008640K, used 19391K [0x0000000780000000, 0x00000007bfb80000, 0x00000007c0000000)
  eden space 972288K, 0% used [0x0000000780000000,0x0000000780000000,0x00000007bb580000)
  from space 36352K, 53% used [0x00000007bd780000,0x00000007bea6fe58,0x00000007bfb00000)
  to   space 34816K, 0% used [0x00000007bb580000,0x00000007bb580000,0x00000007bd780000)
 ParOldGen       total 1738752K, used 1709308K [0x0000000700000000, 0x000000076a200000, 0x0000000780000000)
  object space 1738752K, 98% used [0x0000000700000000,0x000000076853f008,0x000000076a200000)
 Metaspace       used 153701K, capacity 159437K, committed 163584K, reserved 1187840K
  class space    used 24050K, capacity 25037K, committed 26112K, reserved 1048576K
}
Event: 1335.117 GC heap before
{Heap before GC invocations=249 (full 21):
 PSYoungGen      total 1008640K, used 19391K [0x0000000780000000, 0x00000007bfb80000, 0x00000007c0000000)
  eden space 972288K, 0% used [0x0000000780000000,0x0000000780000000,0x00000007bb580000)
  from space 36352K, 53% used [0x00000007bd780000,0x00000007bea6fe58,0x00000007bfb00000)
  to   space 34816K, 0% used [0x00000007bb580000,0x00000007bb580000,0x00000007bd780000)
 ParOldGen       total 1738752K, used 1709308K [0x0000000700000000, 0x000000076a200000, 0x0000000780000000)
  object space 1738752K, 98% used [0x0000000700000000,0x000000076853f008,0x000000076a200000)
 Metaspace       used 153701K, capacity 159437K, committed 163584K, reserved 1187840K
  class space    used 24050K, capacity 25037K, committed 26112K, reserved 1048576K

